[debug] [2021-03-11T08:21:10.772Z] ----------------------------------------------------------------------
[debug] [2021-03-11T08:21:10.774Z] Command:       C:\Program Files\nodejs\node.exe C:\Users\amulc\AppData\Roaming\npm\node_modules\firebase-tools\lib\bin\firebase.js emulators:start
[debug] [2021-03-11T08:21:10.775Z] CLI Version:   9.2.2
[debug] [2021-03-11T08:21:10.775Z] Platform:      win32
[debug] [2021-03-11T08:21:10.775Z] Node Version:  v14.15.4
[debug] [2021-03-11T08:21:10.776Z] Time:          Thu Mar 11 2021 11:21:10 GMT+0300 (Arabian Standard Time)
[debug] [2021-03-11T08:21:10.776Z] ----------------------------------------------------------------------
[debug] [2021-03-11T08:21:10.776Z] 
[debug] [2021-03-11T08:21:10.786Z] > command requires scopes: ["email","openid","https://www.googleapis.com/auth/cloudplatformprojects.readonly","https://www.googleapis.com/auth/firebase","https://www.googleapis.com/auth/cloud-platform"]
[debug] [2021-03-11T08:21:10.787Z] > authorizing via signed-in user
[info] i  emulators: Starting emulators: auth, functions, firestore, hosting {"metadata":{"emulator":{"name":"hub"},"message":"Starting emulators: auth, functions, firestore, hosting"}}
[debug] [2021-03-11T08:21:10.814Z] [hub] writing locator at C:\Users\amulc\AppData\Local\Temp\hub-cp3351-39dd4.json
[warn] !  functions: The following emulators are not running, calls to these services from the Functions emulator will affect production: database, pubsub {"metadata":{"emulator":{"name":"functions"},"message":"The following emulators are not running, calls to these services from the Functions emulator will affect production: \u001b[1mdatabase, pubsub\u001b[22m"}}
[info] +  functions: Using node@14 from host. {"metadata":{"emulator":{"name":"functions"},"message":"Using node@14 from host."}}
[debug] [2021-03-11T08:21:10.855Z] defaultcredentials: writing to file C:\Users\amulc\AppData\Roaming\firebase\60094736_cna-qatar_edu.qa_application_default_credentials.json
[debug] [2021-03-11T08:21:10.857Z] Setting GAC to C:\Users\amulc\AppData\Roaming\firebase\60094736_cna-qatar_edu.qa_application_default_credentials.json {"metadata":{"emulator":{"name":"functions"},"message":"Setting GAC to C:\\Users\\amulc\\AppData\\Roaming\\firebase\\60094736_cna-qatar_edu.qa_application_default_credentials.json"}}
[debug] [2021-03-11T08:21:10.860Z] > refreshing access token with scopes: []
[debug] [2021-03-11T08:21:10.860Z] >>> HTTP REQUEST POST https://www.googleapis.com/oauth2/v3/token  
 <request body omitted>
[debug] [2021-03-11T08:21:10.865Z] Failed to get Admin SDK config for cp3351-39dd4, falling back to cache Failed to get Admin SDK for Firebase project cp3351-39dd4. Please make sure the project exists and your account has permission to access it. {"name":"FirebaseError","children":[],"exit":2,"message":"Failed to get Admin SDK for Firebase project cp3351-39dd4. Please make sure the project exists and your account has permission to access it.","original":{"name":"FirebaseError","children":[],"exit":1,"message":"Authentication Error: Your credentials are no longer valid. Please run \u001b[1mfirebase login --reauth\u001b[22m\n\nFor CI servers and headless environments, generate a new token with \u001b[1mfirebase login:ci\u001b[22m","status":500},"status":500}
[debug] [2021-03-11T08:21:10.877Z] Ignoring unsupported arg: projectId {"metadata":{"emulator":{"name":"firestore"},"message":"Ignoring unsupported arg: projectId"}}
[debug] [2021-03-11T08:21:10.877Z] Ignoring unsupported arg: auto_download {"metadata":{"emulator":{"name":"firestore"},"message":"Ignoring unsupported arg: auto_download"}}
[debug] [2021-03-11T08:21:10.877Z] Starting Firestore Emulator with command {"binary":"java","args":["-Dgoogle.cloud_firestore.debug_log_level=FINE","-Duser.language=en","-jar","C:\\Users\\amulc\\.cache\\firebase\\emulators\\cloud-firestore-emulator-v1.11.12.jar","--host","localhost","--port",8081,"--rules","C:\\Users\\amulc\\Desktop\\College Assignments\\CP3351 - App Development II-1\\CP3351\\firestore.rules","--functions_emulator","localhost:5001"],"optionalArgs":["port","webchannel_port","host","rules","functions_emulator","seed_from_export"],"joinArgs":false} {"metadata":{"emulator":{"name":"firestore"},"message":"Starting Firestore Emulator with command {\"binary\":\"java\",\"args\":[\"-Dgoogle.cloud_firestore.debug_log_level=FINE\",\"-Duser.language=en\",\"-jar\",\"C:\\\\Users\\\\amulc\\\\.cache\\\\firebase\\\\emulators\\\\cloud-firestore-emulator-v1.11.12.jar\",\"--host\",\"localhost\",\"--port\",8081,\"--rules\",\"C:\\\\Users\\\\amulc\\\\Desktop\\\\College Assignments\\\\CP3351 - App Development II-1\\\\CP3351\\\\firestore.rules\",\"--functions_emulator\",\"localhost:5001\"],\"optionalArgs\":[\"port\",\"webchannel_port\",\"host\",\"rules\",\"functions_emulator\",\"seed_from_export\"],\"joinArgs\":false}"}}
[info] i  firestore: Firestore Emulator logging to firestore-debug.log {"metadata":{"emulator":{"name":"firestore"},"message":"Firestore Emulator logging to \u001b[1mfirestore-debug.log\u001b[22m"}}
[debug] [2021-03-11T08:21:13.085Z] API endpoint: http://localhost:8081 {"metadata":{"emulator":{"name":"firestore"},"message":"API endpoint: http://localhost:8081"}}
[debug] [2021-03-11T08:21:13.085Z] 
If you are using a library that supports the FIRESTORE_EMULATOR_HOST environment variable, run:

   export FIRESTORE_EMULATOR_HOST=localhost:8081

Dev App Server is now running.

 {"metadata":{"emulator":{"name":"firestore"},"message":"\nIf you are using a library that supports the FIRESTORE_EMULATOR_HOST environment variable, run:\r\n\n   export FIRESTORE_EMULATOR_HOST=localhost:8081\n\nDev App Server is now running.\n\r\n"}}
[debug] [2021-03-11T08:21:15.807Z] > refreshing access token with scopes: []
[debug] [2021-03-11T08:21:15.807Z] >>> HTTP REQUEST POST https://www.googleapis.com/oauth2/v3/token  
 <request body omitted>
[debug] [2021-03-11T08:21:15.809Z] fetchWebSetup error: FirebaseError: Authentication Error: Your credentials are no longer valid. Please run firebase login --reauth

For CI servers and headless environments, generate a new token with firebase login:ci
[warn] !  hosting: Using web app configuration from cache. 
[info] i  hosting: Serving hosting files from: public {"metadata":{"emulator":{"name":"hosting"},"message":"Serving hosting files from: \u001b[1mpublic\u001b[22m"}}
[info] +  hosting: Local server: http://localhost:5000 {"metadata":{"emulator":{"name":"hosting"},"message":"Local server: \u001b[4m\u001b[1mhttp://localhost:5000\u001b[22m\u001b[24m"}}
[warn] !  ui: Emulator UI unable to start on port 4000, starting on 4002 instead. {"metadata":{"emulator":{"name":"ui"},"message":"Emulator UI unable to start on port 4000, starting on 4002 instead."}}
[debug] [2021-03-11T08:21:15.863Z] Ignoring unsupported arg: auto_download {"metadata":{"emulator":{"name":"ui"},"message":"Ignoring unsupported arg: auto_download"}}
[debug] [2021-03-11T08:21:15.864Z] Ignoring unsupported arg: port {"metadata":{"emulator":{"name":"ui"},"message":"Ignoring unsupported arg: port"}}
[debug] [2021-03-11T08:21:15.864Z] Starting Emulator UI with command {"binary":"node","args":["C:\\Users\\amulc\\.cache\\firebase\\emulators\\ui-v1.4.1\\server.bundle.js"],"optionalArgs":[],"joinArgs":false} {"metadata":{"emulator":{"name":"ui"},"message":"Starting Emulator UI with command {\"binary\":\"node\",\"args\":[\"C:\\\\Users\\\\amulc\\\\.cache\\\\firebase\\\\emulators\\\\ui-v1.4.1\\\\server.bundle.js\"],\"optionalArgs\":[],\"joinArgs\":false}"}}
[info] i  ui: Emulator UI logging to ui-debug.log {"metadata":{"emulator":{"name":"ui"},"message":"Emulator UI logging to \u001b[1mui-debug.log\u001b[22m"}}
[debug] [2021-03-11T08:21:15.989Z] Web / API server started at http://localhost:4002
 {"metadata":{"emulator":{"name":"ui"},"message":"Web / API server started at http://localhost:4002\n"}}
[info] i  functions: Watching "C:\Users\amulc\Desktop\College Assignments\CP3351 - App Development II-1\CP3351\functions" for Cloud Functions... {"metadata":{"emulator":{"name":"functions"},"message":"Watching \"C:\\Users\\amulc\\Desktop\\College Assignments\\CP3351 - App Development II-1\\CP3351\\functions\" for Cloud Functions..."}}
[debug] [2021-03-11T08:21:16.178Z] [worker-pool] addWorker(~diagnostic~) {"metadata":{"emulator":{"name":"functions"},"message":"[worker-pool] addWorker(~diagnostic~)"}}
[debug] [2021-03-11T08:21:16.179Z] [worker-pool] Adding worker with key ~diagnostic~, total=1 {"metadata":{"emulator":{"name":"functions"},"message":"[worker-pool] Adding worker with key ~diagnostic~, total=1"}}
[debug] [2021-03-11T08:21:16.180Z] [worker-pool] submitWork(triggerId=) {"metadata":{"emulator":{"name":"functions"},"message":"[worker-pool] submitWork(triggerId=)"}}
[debug] [2021-03-11T08:21:16.181Z] [worker-~diagnostic~-fe221ccb-3b27-4677-95a1-bc41c2602ca4]: Assigning socketPath: \\?\pipe\C:\Users\amulc\Desktop\College Assignments\CP3351 - App Development II-1\CP3351\functions\27276 {"metadata":{"emulator":{"name":"functions"},"message":"[worker-~diagnostic~-fe221ccb-3b27-4677-95a1-bc41c2602ca4]: Assigning socketPath: \\\\?\\pipe\\C:\\Users\\amulc\\Desktop\\College Assignments\\CP3351 - App Development II-1\\CP3351\\functions\\27276"}}
[debug] [2021-03-11T08:21:16.182Z] [worker-~diagnostic~-fe221ccb-3b27-4677-95a1-bc41c2602ca4]: BUSY {"metadata":{"emulator":{"name":"functions"},"message":"[worker-~diagnostic~-fe221ccb-3b27-4677-95a1-bc41c2602ca4]: BUSY"}}
[debug] [2021-03-11T08:21:16.516Z] [runtime-status] [27276] Functions runtime initialized. {"cwd":"C:\\Users\\amulc\\Desktop\\College Assignments\\CP3351 - App Development II-1\\CP3351\\functions","node_version":"14.15.4"} {"metadata":{"emulator":{"name":"functions"},"message":"[runtime-status] [27276] Functions runtime initialized. {\"cwd\":\"C:\\\\Users\\\\amulc\\\\Desktop\\\\College Assignments\\\\CP3351 - App Development II-1\\\\CP3351\\\\functions\",\"node_version\":\"14.15.4\"}"}}
[debug] [2021-03-11T08:21:16.517Z] [runtime-status] [27276] Disabled runtime features: undefined {"metadata":{"emulator":{"name":"functions"},"message":"[runtime-status] [27276] Disabled runtime features: undefined"}}
[debug] [2021-03-11T08:21:16.523Z] [runtime-status] [27276] Resolved module firebase-admin {"declared":true,"installed":true,"version":"9.4.2","resolution":"C:\\Users\\amulc\\Desktop\\College Assignments\\CP3351 - App Development II-1\\CP3351\\functions\\node_modules\\firebase-admin\\lib\\index.js"} {"metadata":{"emulator":{"name":"functions"},"message":"[runtime-status] [27276] Resolved module firebase-admin {\"declared\":true,\"installed\":true,\"version\":\"9.4.2\",\"resolution\":\"C:\\\\Users\\\\amulc\\\\Desktop\\\\College Assignments\\\\CP3351 - App Development II-1\\\\CP3351\\\\functions\\\\node_modules\\\\firebase-admin\\\\lib\\\\index.js\"}"}}
[debug] [2021-03-11T08:21:16.526Z] [runtime-status] [27276] Resolved module firebase-functions {"declared":true,"installed":true,"version":"3.13.1","resolution":"C:\\Users\\amulc\\Desktop\\College Assignments\\CP3351 - App Development II-1\\CP3351\\functions\\node_modules\\firebase-functions\\lib\\index.js"} {"metadata":{"emulator":{"name":"functions"},"message":"[runtime-status] [27276] Resolved module firebase-functions {\"declared\":true,\"installed\":true,\"version\":\"3.13.1\",\"resolution\":\"C:\\\\Users\\\\amulc\\\\Desktop\\\\College Assignments\\\\CP3351 - App Development II-1\\\\CP3351\\\\functions\\\\node_modules\\\\firebase-functions\\\\lib\\\\index.js\"}"}}
[debug] [2021-03-11T08:21:16.528Z] [runtime-status] [27276] Resolved module firebase-functions {"declared":true,"installed":true,"version":"3.13.1","resolution":"C:\\Users\\amulc\\Desktop\\College Assignments\\CP3351 - App Development II-1\\CP3351\\functions\\node_modules\\firebase-functions\\lib\\index.js"} {"metadata":{"emulator":{"name":"functions"},"message":"[runtime-status] [27276] Resolved module firebase-functions {\"declared\":true,\"installed\":true,\"version\":\"3.13.1\",\"resolution\":\"C:\\\\Users\\\\amulc\\\\Desktop\\\\College Assignments\\\\CP3351 - App Development II-1\\\\CP3351\\\\functions\\\\node_modules\\\\firebase-functions\\\\lib\\\\index.js\"}"}}
[debug] [2021-03-11T08:21:16.530Z] [runtime-status] [27276] Outgoing network have been stubbed. [{"name":"http","status":"mocked"},{"name":"http","status":"mocked"},{"name":"https","status":"mocked"},{"name":"https","status":"mocked"},{"name":"net","status":"mocked"}] {"metadata":{"emulator":{"name":"functions"},"message":"[runtime-status] [27276] Outgoing network have been stubbed. [{\"name\":\"http\",\"status\":\"mocked\"},{\"name\":\"http\",\"status\":\"mocked\"},{\"name\":\"https\",\"status\":\"mocked\"},{\"name\":\"https\",\"status\":\"mocked\"},{\"name\":\"net\",\"status\":\"mocked\"}]"}}
[debug] [2021-03-11T08:21:16.530Z] [runtime-status] [27276] Resolved module firebase-functions {"declared":true,"installed":true,"version":"3.13.1","resolution":"C:\\Users\\amulc\\Desktop\\College Assignments\\CP3351 - App Development II-1\\CP3351\\functions\\node_modules\\firebase-functions\\lib\\index.js"} {"metadata":{"emulator":{"name":"functions"},"message":"[runtime-status] [27276] Resolved module firebase-functions {\"declared\":true,\"installed\":true,\"version\":\"3.13.1\",\"resolution\":\"C:\\\\Users\\\\amulc\\\\Desktop\\\\College Assignments\\\\CP3351 - App Development II-1\\\\CP3351\\\\functions\\\\node_modules\\\\firebase-functions\\\\lib\\\\index.js\"}"}}
[debug] [2021-03-11T08:21:16.613Z] [runtime-status] [27276] Checked functions.config() {"config":{}} {"metadata":{"emulator":{"name":"functions"},"message":"[runtime-status] [27276] Checked functions.config() {\"config\":{}}"}}
[debug] [2021-03-11T08:21:16.614Z] [runtime-status] [27276] firebase-functions has been stubbed. {"functionsResolution":{"declared":true,"installed":true,"version":"3.13.1","resolution":"C:\\Users\\amulc\\Desktop\\College Assignments\\CP3351 - App Development II-1\\CP3351\\functions\\node_modules\\firebase-functions\\lib\\index.js"}} {"metadata":{"emulator":{"name":"functions"},"message":"[runtime-status] [27276] firebase-functions has been stubbed. {\"functionsResolution\":{\"declared\":true,\"installed\":true,\"version\":\"3.13.1\",\"resolution\":\"C:\\\\Users\\\\amulc\\\\Desktop\\\\College Assignments\\\\CP3351 - App Development II-1\\\\CP3351\\\\functions\\\\node_modules\\\\firebase-functions\\\\lib\\\\index.js\"}}"}}
[debug] [2021-03-11T08:21:16.614Z] [runtime-status] [27276] Resolved module firebase-functions {"declared":true,"installed":true,"version":"3.13.1","resolution":"C:\\Users\\amulc\\Desktop\\College Assignments\\CP3351 - App Development II-1\\CP3351\\functions\\node_modules\\firebase-functions\\lib\\index.js"} {"metadata":{"emulator":{"name":"functions"},"message":"[runtime-status] [27276] Resolved module firebase-functions {\"declared\":true,\"installed\":true,\"version\":\"3.13.1\",\"resolution\":\"C:\\\\Users\\\\amulc\\\\Desktop\\\\College Assignments\\\\CP3351 - App Development II-1\\\\CP3351\\\\functions\\\\node_modules\\\\firebase-functions\\\\lib\\\\index.js\"}"}}
[debug] [2021-03-11T08:21:16.614Z] [runtime-status] [27276] Resolved module firebase-admin {"declared":true,"installed":true,"version":"9.4.2","resolution":"C:\\Users\\amulc\\Desktop\\College Assignments\\CP3351 - App Development II-1\\CP3351\\functions\\node_modules\\firebase-admin\\lib\\index.js"} {"metadata":{"emulator":{"name":"functions"},"message":"[runtime-status] [27276] Resolved module firebase-admin {\"declared\":true,\"installed\":true,\"version\":\"9.4.2\",\"resolution\":\"C:\\\\Users\\\\amulc\\\\Desktop\\\\College Assignments\\\\CP3351 - App Development II-1\\\\CP3351\\\\functions\\\\node_modules\\\\firebase-admin\\\\lib\\\\index.js\"}"}}
[debug] [2021-03-11T08:21:16.617Z] [runtime-status] [27276] Resolved module firebase-functions {"declared":true,"installed":true,"version":"3.13.1","resolution":"C:\\Users\\amulc\\Desktop\\College Assignments\\CP3351 - App Development II-1\\CP3351\\functions\\node_modules\\firebase-functions\\lib\\index.js"} {"metadata":{"emulator":{"name":"functions"},"message":"[runtime-status] [27276] Resolved module firebase-functions {\"declared\":true,\"installed\":true,\"version\":\"3.13.1\",\"resolution\":\"C:\\\\Users\\\\amulc\\\\Desktop\\\\College Assignments\\\\CP3351 - App Development II-1\\\\CP3351\\\\functions\\\\node_modules\\\\firebase-functions\\\\lib\\\\index.js\"}"}}
[debug] [2021-03-11T08:21:16.617Z] [runtime-status] [27276] firebase-admin has been stubbed. {"adminResolution":{"declared":true,"installed":true,"version":"9.4.2","resolution":"C:\\Users\\amulc\\Desktop\\College Assignments\\CP3351 - App Development II-1\\CP3351\\functions\\node_modules\\firebase-admin\\lib\\index.js"}} {"metadata":{"emulator":{"name":"functions"},"message":"[runtime-status] [27276] firebase-admin has been stubbed. {\"adminResolution\":{\"declared\":true,\"installed\":true,\"version\":\"9.4.2\",\"resolution\":\"C:\\\\Users\\\\amulc\\\\Desktop\\\\College Assignments\\\\CP3351 - App Development II-1\\\\CP3351\\\\functions\\\\node_modules\\\\firebase-admin\\\\lib\\\\index.js\"}}"}}
[debug] [2021-03-11T08:21:16.630Z] [runtime-status] [27276] initializeApp(DEFAULT) {"storageBucket":"cp3351-39dd4.appspot.com","databaseURL":"https://cp3351-39dd4-default-rtdb.firebaseio.com","projectId":"cp3351-39dd4"} {"metadata":{"emulator":{"name":"functions"},"message":"[runtime-status] [27276] initializeApp(DEFAULT) {\"storageBucket\":\"cp3351-39dd4.appspot.com\",\"databaseURL\":\"https://cp3351-39dd4-default-rtdb.firebaseio.com\",\"projectId\":\"cp3351-39dd4\"}"}}
[debug] [2021-03-11T08:21:16.721Z] [runtime-status] [27276] auth.setJwtVerificationEnabled(false) {"metadata":{"emulator":{"name":"functions"},"message":"[runtime-status] [27276] auth.setJwtVerificationEnabled(false)"}}
[info] +  functions[findAuthUser]: http function initialized (http://localhost:5001/cp3351-39dd4/us-central1/findAuthUser). {"metadata":{"emulator":{"name":"functions"},"message":"\u001b[1mhttp\u001b[22m function initialized (http://localhost:5001/cp3351-39dd4/us-central1/findAuthUser)."}}
[info] +  functions[createSampleData]: http function initialized (http://localhost:5001/cp3351-39dd4/us-central1/createSampleData). {"metadata":{"emulator":{"name":"functions"},"message":"\u001b[1mhttp\u001b[22m function initialized (http://localhost:5001/cp3351-39dd4/us-central1/createSampleData)."}}
[debug] [2021-03-11T08:21:17.201Z] addFirestoreTrigger "{\"eventTrigger\":{\"resource\":\"projects/cp3351-39dd4/databases/(default)/documents/sensors/{sensorid}/readings/{readingid}\",\"eventType\":\"providers/cloud.firestore/eventTypes/document.create\",\"service\":\"firestore.googleapis.com\"}}"
[debug] [2021-03-11T08:21:17.201Z] >>> HTTP REQUEST PUT http://localhost:8081/emulator/v1/projects/cp3351-39dd4/triggers/onNewReading-0  
 {"eventTrigger":{"resource":"projects/cp3351-39dd4/databases/(default)/documents/sensors/{sensorid}/readings/{readingid}","eventType":"providers/cloud.firestore/eventTypes/document.create","service":"firestore.googleapis.com"}}
[debug] [2021-03-11T08:21:17.202Z] [worker-~diagnostic~-fe221ccb-3b27-4677-95a1-bc41c2602ca4]: IDLE {"metadata":{"emulator":{"name":"functions"},"message":"[worker-~diagnostic~-fe221ccb-3b27-4677-95a1-bc41c2602ca4]: IDLE"}}
[debug] [2021-03-11T08:21:17.254Z] Mar 11, 2021 11:21:17 AM io.gapi.emulators.netty.HttpVersionRoutingHandler channelRead
INFO: Detected non-HTTP/2 connection.
 {"metadata":{"emulator":{"name":"firestore"},"message":"Mar 11, 2021 11:21:17 AM io.gapi.emulators.netty.HttpVersionRoutingHandler channelRead\r\nINFO: Detected non-HTTP/2 connection.\r\n"}}
[debug] [2021-03-11T08:21:17.456Z] Mar 11, 2021 11:21:17 AM io.gapi.emulators.netty.HttpVersionRoutingHandler channelRead
INFO: Detected HTTP/2 connection.
 {"metadata":{"emulator":{"name":"firestore"},"message":"Mar 11, 2021 11:21:17 AM io.gapi.emulators.netty.HttpVersionRoutingHandler channelRead\r\nINFO: Detected HTTP/2 connection.\r\n"}}
[debug] [2021-03-11T08:21:18.076Z] <<< HTTP RESPONSE 200 {"content-type":"application/json","content-length":"4"}
[info] +  functions[onNewReading]: firestore function initialized. {"metadata":{"emulator":{"name":"functions"},"message":"\u001b[1mfirestore\u001b[22m function initialized."}}
[debug] [2021-03-11T08:21:18.078Z] addFirestoreTrigger "{\"eventTrigger\":{\"resource\":\"projects/cp3351-39dd4/databases/(default)/documents/users/{userid}\",\"eventType\":\"providers/cloud.firestore/eventTypes/document.create\",\"service\":\"firestore.googleapis.com\"}}"
[debug] [2021-03-11T08:21:18.078Z] >>> HTTP REQUEST PUT http://localhost:8081/emulator/v1/projects/cp3351-39dd4/triggers/sendNotifications-0  
 {"eventTrigger":{"resource":"projects/cp3351-39dd4/databases/(default)/documents/users/{userid}","eventType":"providers/cloud.firestore/eventTypes/document.create","service":"firestore.googleapis.com"}}
[debug] [2021-03-11T08:21:18.083Z] Mar 11, 2021 11:21:18 AM io.gapi.emulators.netty.HttpVersionRoutingHandler channelRead
INFO: Detected non-HTTP/2 connection.
 {"metadata":{"emulator":{"name":"firestore"},"message":"Mar 11, 2021 11:21:18 AM io.gapi.emulators.netty.HttpVersionRoutingHandler channelRead\r\nINFO: Detected non-HTTP/2 connection.\r\n"}}
[debug] [2021-03-11T08:21:18.091Z] <<< HTTP RESPONSE 200 {"content-type":"application/json","content-length":"4"}
[info] +  functions[sendNotifications]: firestore function initialized. {"metadata":{"emulator":{"name":"functions"},"message":"\u001b[1mfirestore\u001b[22m function initialized."}}
[info] 
┌─────────────────────────────────────────────────────────────┐
│ ✔  All emulators ready! It is now safe to connect your app. │
│ i  View Emulator UI at http://localhost:4002                │
└─────────────────────────────────────────────────────────────┘

┌────────────────┬────────────────┬─────────────────────────────────┐
│ Emulator       │ Host:Port      │ View in Emulator UI             │
├────────────────┼────────────────┼─────────────────────────────────┤
│ Authentication │ localhost:9099 │ http://localhost:4002/auth      │
├────────────────┼────────────────┼─────────────────────────────────┤
│ Functions      │ localhost:5001 │ http://localhost:4002/functions │
├────────────────┼────────────────┼─────────────────────────────────┤
│ Firestore      │ localhost:8081 │ http://localhost:4002/firestore │
├────────────────┼────────────────┼─────────────────────────────────┤
│ Hosting        │ localhost:5000 │ n/a                             │
└────────────────┴────────────────┴─────────────────────────────────┘
  Emulator Hub running at localhost:4400
  Other reserved ports: 4500

Issues? Report them at https://github.com/firebase/firebase-tools/issues and attach the *-debug.log files.
 
